{"/Users/gaganjotsingh/workshops/2021/unit_testing/trader-app/trader-app-nest/trader-app/src/app.controller.ts": {"path":"/Users/gaganjotsingh/workshops/2021/unit_testing/trader-app/trader-app-nest/trader-app/src/app.controller.ts","statementMap":{"0":{"start":{"line":1,"column":0},"end":{"line":1,"column":49}},"1":{"start":{"line":2,"column":0},"end":{"line":2,"column":43}},"2":{"start":{"line":5,"column":0},"end":{"line":12,"column":null}},"3":{"start":{"line":6,"column":31},"end":{"line":6,"column":43}},"4":{"start":{"line":10,"column":4},"end":{"line":10,"column":38}},"5":{"start":{"line":9,"column":2},"end":{"line":11,"column":null}},"6":{"start":{"line":5,"column":13},"end":{"line":12,"column":null}},"7":{"start":{"line":5,"column":13},"end":{"line":5,"column":26}}},"fnMap":{"0":{"name":"(anonymous_2)","decl":{"start":{"line":6,"column":2},"end":{"line":6,"column":31}},"loc":{"start":{"line":6,"column":53},"end":{"line":6,"column":57}}},"1":{"name":"(anonymous_3)","decl":{"start":{"line":9,"column":2},"end":{"line":9,"column":10}},"loc":{"start":{"line":9,"column":10},"end":{"line":11,"column":3}}}},"branchMap":{},"s":{"0":1,"1":1,"2":1,"3":1,"4":1,"5":1,"6":1,"7":1},"f":{"0":1,"1":1},"b":{}}
,"/Users/gaganjotsingh/workshops/2021/unit_testing/trader-app/trader-app-nest/trader-app/src/app.service.ts": {"path":"/Users/gaganjotsingh/workshops/2021/unit_testing/trader-app/trader-app-nest/trader-app/src/app.service.ts","statementMap":{"0":{"start":{"line":1,"column":0},"end":{"line":1,"column":44}},"1":{"start":{"line":4,"column":0},"end":{"line":8,"column":null}},"2":{"start":{"line":6,"column":4},"end":{"line":6,"column":26}},"3":{"start":{"line":4,"column":13},"end":{"line":8,"column":null}},"4":{"start":{"line":4,"column":13},"end":{"line":4,"column":23}}},"fnMap":{"0":{"name":"(anonymous_1)","decl":{"start":{"line":5,"column":2},"end":{"line":5,"column":10}},"loc":{"start":{"line":5,"column":10},"end":{"line":7,"column":3}}}},"branchMap":{},"s":{"0":1,"1":1,"2":1,"3":1,"4":1},"f":{"0":1},"b":{}}
,"/Users/gaganjotsingh/workshops/2021/unit_testing/trader-app/trader-app-nest/trader-app/src/common/common-functions.ts": {"path":"/Users/gaganjotsingh/workshops/2021/unit_testing/trader-app/trader-app-nest/trader-app/src/common/common-functions.ts","statementMap":{"0":{"start":{"line":1,"column":0},"end":{"line":1,"column":33}},"1":{"start":{"line":4,"column":30},"end":{"line":4,"column":52}},"2":{"start":{"line":5,"column":30},"end":{"line":5,"column":49}},"3":{"start":{"line":6,"column":4},"end":{"line":8,"column":6}},"4":{"start":{"line":2,"column":0},"end":{"line":2,"column":13}}},"fnMap":{"0":{"name":"(anonymous_0)","decl":{"start":{"line":3,"column":9},"end":{"line":3,"column":15}},"loc":{"start":{"line":3,"column":29},"end":{"line":9,"column":3}}}},"branchMap":{"0":{"loc":{"start":{"line":7,"column":6},"end":{"line":7,"column":78}},"type":"binary-expr","locations":[{"start":{"line":7,"column":6},"end":{"line":7,"column":41}},{"start":{"line":7,"column":45},"end":{"line":7,"column":59}},{"start":{"line":7,"column":63},"end":{"line":7,"column":78}}]}},"s":{"0":4,"1":17,"2":17,"3":17,"4":4},"f":{"0":17},"b":{"0":[17,15,14]}}
,"/Users/gaganjotsingh/workshops/2021/unit_testing/trader-app/trader-app-nest/trader-app/src/entities/equity.entity.ts": {"path":"/Users/gaganjotsingh/workshops/2021/unit_testing/trader-app/trader-app-nest/trader-app/src/entities/equity.entity.ts","statementMap":{"0":{"start":{"line":1,"column":0},"end":{"line":1,"column":65}},"1":{"start":{"line":4,"column":0},"end":{"line":16,"column":null}},"2":{"start":{"line":6,"column":2},"end":{"line":6,"column":null}},"3":{"start":{"line":9,"column":2},"end":{"line":9,"column":null}},"4":{"start":{"line":12,"column":2},"end":{"line":12,"column":null}},"5":{"start":{"line":15,"column":2},"end":{"line":15,"column":null}},"6":{"start":{"line":4,"column":13},"end":{"line":16,"column":null}},"7":{"start":{"line":4,"column":13},"end":{"line":4,"column":19}}},"fnMap":{},"branchMap":{},"s":{"0":4,"1":4,"2":4,"3":4,"4":4,"5":4,"6":4,"7":4},"f":{},"b":{}}
,"/Users/gaganjotsingh/workshops/2021/unit_testing/trader-app/trader-app-nest/trader-app/src/entities/user.entity.ts": {"path":"/Users/gaganjotsingh/workshops/2021/unit_testing/trader-app/trader-app-nest/trader-app/src/entities/user.entity.ts","statementMap":{"0":{"start":{"line":1,"column":0},"end":{"line":1,"column":76}},"1":{"start":{"line":5,"column":0},"end":{"line":14,"column":null}},"2":{"start":{"line":7,"column":2},"end":{"line":7,"column":null}},"3":{"start":{"line":10,"column":2},"end":{"line":10,"column":null}},"4":{"start":{"line":13,"column":2},"end":{"line":13,"column":null}},"5":{"start":{"line":5,"column":13},"end":{"line":14,"column":null}},"6":{"start":{"line":5,"column":13},"end":{"line":5,"column":17}}},"fnMap":{},"branchMap":{},"s":{"0":6,"1":6,"2":6,"3":6,"4":6,"5":6,"6":6},"f":{},"b":{}}
,"/Users/gaganjotsingh/workshops/2021/unit_testing/trader-app/trader-app-nest/trader-app/src/entities/user_equity.entity.ts": {"path":"/Users/gaganjotsingh/workshops/2021/unit_testing/trader-app/trader-app-nest/trader-app/src/entities/user_equity.entity.ts","statementMap":{"0":{"start":{"line":1,"column":0},"end":{"line":1,"column":null}},"1":{"start":{"line":11,"column":0},"end":{"line":23,"column":null}},"2":{"start":{"line":13,"column":2},"end":{"line":13,"column":null}},"3":{"start":{"line":16,"column":2},"end":{"line":16,"column":null}},"4":{"start":{"line":19,"column":2},"end":{"line":19,"column":null}},"5":{"start":{"line":22,"column":2},"end":{"line":22,"column":null}},"6":{"start":{"line":11,"column":13},"end":{"line":23,"column":null}},"7":{"start":{"line":11,"column":13},"end":{"line":11,"column":25}}},"fnMap":{},"branchMap":{},"s":{"0":4,"1":4,"2":4,"3":4,"4":4,"5":4,"6":4,"7":4},"f":{},"b":{}}
,"/Users/gaganjotsingh/workshops/2021/unit_testing/trader-app/trader-app-nest/trader-app/src/equities/equities.controller.ts": {"path":"/Users/gaganjotsingh/workshops/2021/unit_testing/trader-app/trader-app-nest/trader-app/src/equities/equities.controller.ts","statementMap":{"0":{"start":{"line":1,"column":0},"end":{"line":1,"column":null}},"1":{"start":{"line":11,"column":0},"end":{"line":11,"column":53}},"2":{"start":{"line":12,"column":0},"end":{"line":12,"column":58}},"3":{"start":{"line":13,"column":0},"end":{"line":13,"column":52}},"4":{"start":{"line":14,"column":0},"end":{"line":14,"column":67}},"5":{"start":{"line":15,"column":0},"end":{"line":15,"column":54}},"6":{"start":{"line":18,"column":0},"end":{"line":160,"column":null}},"7":{"start":{"line":20,"column":21},"end":{"line":20,"column":38}},"8":{"start":{"line":21,"column":21},"end":{"line":21,"column":35}},"9":{"start":{"line":26,"column":4},"end":{"line":26,"column":56}},"10":{"start":{"line":31,"column":4},"end":{"line":31,"column":42}},"11":{"start":{"line":40,"column":4},"end":{"line":95,"column":null}},"12":{"start":{"line":42,"column":6},"end":{"line":47,"column":null}},"13":{"start":{"line":43,"column":8},"end":{"line":46,"column":11}},"14":{"start":{"line":49,"column":21},"end":{"line":49,"column":65}},"15":{"start":{"line":50,"column":6},"end":{"line":55,"column":null}},"16":{"start":{"line":51,"column":8},"end":{"line":54,"column":11}},"17":{"start":{"line":58,"column":6},"end":{"line":63,"column":null}},"18":{"start":{"line":59,"column":8},"end":{"line":62,"column":11}},"19":{"start":{"line":66,"column":29},"end":{"line":66,"column":61}},"20":{"start":{"line":69,"column":19},"end":{"line":69,"column":72}},"21":{"start":{"line":70,"column":6},"end":{"line":75,"column":null}},"22":{"start":{"line":71,"column":8},"end":{"line":74,"column":11}},"23":{"start":{"line":76,"column":6},"end":{"line":76,"column":57}},"24":{"start":{"line":77,"column":6},"end":{"line":82,"column":null}},"25":{"start":{"line":78,"column":8},"end":{"line":81,"column":11}},"26":{"start":{"line":83,"column":6},"end":{"line":83,"column":32}},"27":{"start":{"line":84,"column":6},"end":{"line":84,"column":65}},"28":{"start":{"line":85,"column":6},"end":{"line":88,"column":9}},"29":{"start":{"line":90,"column":6},"end":{"line":90,"column":47}},"30":{"start":{"line":91,"column":6},"end":{"line":94,"column":9}},"31":{"start":{"line":104,"column":4},"end":{"line":153,"column":null}},"32":{"start":{"line":106,"column":6},"end":{"line":111,"column":null}},"33":{"start":{"line":107,"column":8},"end":{"line":110,"column":11}},"34":{"start":{"line":113,"column":19},"end":{"line":113,"column":73}},"35":{"start":{"line":114,"column":6},"end":{"line":119,"column":null}},"36":{"start":{"line":115,"column":8},"end":{"line":118,"column":11}},"37":{"start":{"line":121,"column":21},"end":{"line":121,"column":65}},"38":{"start":{"line":122,"column":6},"end":{"line":127,"column":null}},"39":{"start":{"line":123,"column":8},"end":{"line":126,"column":11}},"40":{"start":{"line":129,"column":25},"end":{"line":131,"column":null}},"41":{"start":{"line":134,"column":6},"end":{"line":139,"column":null}},"42":{"start":{"line":135,"column":8},"end":{"line":138,"column":11}},"43":{"start":{"line":141,"column":6},"end":{"line":141,"column":32}},"44":{"start":{"line":142,"column":6},"end":{"line":142,"column":79}},"45":{"start":{"line":143,"column":6},"end":{"line":146,"column":9}},"46":{"start":{"line":148,"column":6},"end":{"line":148,"column":25}},"47":{"start":{"line":149,"column":6},"end":{"line":152,"column":9}},"48":{"start":{"line":25,"column":2},"end":{"line":27,"column":null}},"49":{"start":{"line":30,"column":2},"end":{"line":32,"column":null}},"50":{"start":{"line":35,"column":2},"end":{"line":96,"column":null}},"51":{"start":{"line":99,"column":2},"end":{"line":154,"column":null}},"52":{"start":{"line":18,"column":13},"end":{"line":160,"column":null}},"53":{"start":{"line":18,"column":13},"end":{"line":18,"column":31}}},"fnMap":{"0":{"name":"(anonymous_4)","decl":{"start":{"line":19,"column":2},"end":{"line":19,"column":null}},"loc":{"start":{"line":21,"column":47},"end":{"line":22,"column":6}}},"1":{"name":"(anonymous_5)","decl":{"start":{"line":25,"column":2},"end":{"line":25,"column":8}},"loc":{"start":{"line":25,"column":49},"end":{"line":27,"column":3}}},"2":{"name":"(anonymous_6)","decl":{"start":{"line":30,"column":2},"end":{"line":30,"column":9}},"loc":{"start":{"line":30,"column":9},"end":{"line":32,"column":3}}},"3":{"name":"(anonymous_7)","decl":{"start":{"line":35,"column":2},"end":{"line":35,"column":7}},"loc":{"start":{"line":38,"column":24},"end":{"line":96,"column":3}}},"4":{"name":"(anonymous_8)","decl":{"start":{"line":99,"column":2},"end":{"line":99,"column":7}},"loc":{"start":{"line":102,"column":24},"end":{"line":154,"column":3}}}},"branchMap":{"0":{"loc":{"start":{"line":42,"column":6},"end":{"line":47,"column":null}},"type":"if","locations":[{"start":{"line":42,"column":6},"end":{"line":47,"column":null}}]},"1":{"loc":{"start":{"line":50,"column":6},"end":{"line":55,"column":null}},"type":"if","locations":[{"start":{"line":50,"column":6},"end":{"line":55,"column":null}}]},"2":{"loc":{"start":{"line":58,"column":6},"end":{"line":63,"column":null}},"type":"if","locations":[{"start":{"line":58,"column":6},"end":{"line":63,"column":null}}]},"3":{"loc":{"start":{"line":70,"column":6},"end":{"line":75,"column":null}},"type":"if","locations":[{"start":{"line":70,"column":6},"end":{"line":75,"column":null}}]},"4":{"loc":{"start":{"line":77,"column":6},"end":{"line":82,"column":null}},"type":"if","locations":[{"start":{"line":77,"column":6},"end":{"line":82,"column":null}}]},"5":{"loc":{"start":{"line":106,"column":6},"end":{"line":111,"column":null}},"type":"if","locations":[{"start":{"line":106,"column":6},"end":{"line":111,"column":null}}]},"6":{"loc":{"start":{"line":114,"column":6},"end":{"line":119,"column":null}},"type":"if","locations":[{"start":{"line":114,"column":6},"end":{"line":119,"column":null}}]},"7":{"loc":{"start":{"line":122,"column":6},"end":{"line":127,"column":null}},"type":"if","locations":[{"start":{"line":122,"column":6},"end":{"line":127,"column":null}}]},"8":{"loc":{"start":{"line":134,"column":6},"end":{"line":139,"column":null}},"type":"if","locations":[{"start":{"line":134,"column":6},"end":{"line":139,"column":null}}]},"9":{"loc":{"start":{"line":134,"column":10},"end":{"line":134,"column":70}},"type":"binary-expr","locations":[{"start":{"line":134,"column":10},"end":{"line":134,"column":21}},{"start":{"line":134,"column":25},"end":{"line":134,"column":70}}]}},"s":{"0":3,"1":3,"2":3,"3":3,"4":3,"5":3,"6":3,"7":15,"8":15,"9":2,"10":2,"11":9,"12":9,"13":1,"14":8,"15":8,"16":1,"17":7,"18":2,"19":5,"20":5,"21":5,"22":1,"23":4,"24":4,"25":1,"26":3,"27":3,"28":3,"29":1,"30":1,"31":5,"32":5,"33":0,"34":5,"35":5,"36":2,"37":3,"38":3,"39":1,"40":2,"41":2,"42":1,"43":1,"44":1,"45":1,"46":1,"47":1,"48":3,"49":3,"50":3,"51":3,"52":3,"53":3},"f":{"0":15,"1":2,"2":2,"3":9,"4":5},"b":{"0":[1],"1":[1],"2":[2],"3":[1],"4":[1],"5":[0],"6":[2],"7":[1],"8":[1],"9":[2,2]}}
,"/Users/gaganjotsingh/workshops/2021/unit_testing/trader-app/trader-app-nest/trader-app/src/equities/equities.module.ts": {"path":"/Users/gaganjotsingh/workshops/2021/unit_testing/trader-app/trader-app-nest/trader-app/src/equities/equities.module.ts","statementMap":{"0":{"start":{"line":1,"column":0},"end":{"line":1,"column":40}},"1":{"start":{"line":2,"column":0},"end":{"line":2,"column":53}},"2":{"start":{"line":3,"column":0},"end":{"line":3,"column":59}},"3":{"start":{"line":4,"column":0},"end":{"line":4,"column":48}},"4":{"start":{"line":5,"column":0},"end":{"line":5,"column":51}},"5":{"start":{"line":6,"column":0},"end":{"line":6,"column":62}},"6":{"start":{"line":7,"column":0},"end":{"line":7,"column":52}},"7":{"start":{"line":8,"column":0},"end":{"line":8,"column":47}},"8":{"start":{"line":18,"column":0},"end":{"line":18,"column":null}},"9":{"start":{"line":18,"column":13},"end":{"line":18,"column":null}},"10":{"start":{"line":18,"column":13},"end":{"line":18,"column":27}}},"fnMap":{},"branchMap":{},"s":{"0":2,"1":2,"2":2,"3":2,"4":2,"5":2,"6":2,"7":2,"8":2,"9":2,"10":2},"f":{},"b":{}}
,"/Users/gaganjotsingh/workshops/2021/unit_testing/trader-app/trader-app-nest/trader-app/src/equities/equities.service.ts": {"path":"/Users/gaganjotsingh/workshops/2021/unit_testing/trader-app/trader-app-nest/trader-app/src/equities/equities.service.ts","statementMap":{"0":{"start":{"line":1,"column":0},"end":{"line":1,"column":44}},"1":{"start":{"line":3,"column":0},"end":{"line":3,"column":51}},"2":{"start":{"line":4,"column":0},"end":{"line":4,"column":37}},"3":{"start":{"line":5,"column":0},"end":{"line":5,"column":51}},"4":{"start":{"line":6,"column":0},"end":{"line":6,"column":47}},"5":{"start":{"line":8,"column":0},"end":{"line":8,"column":62}},"6":{"start":{"line":11,"column":0},"end":{"line":110,"column":null}},"7":{"start":{"line":14,"column":12},"end":{"line":14,"column":32}},"8":{"start":{"line":16,"column":12},"end":{"line":16,"column":36}},"9":{"start":{"line":18,"column":12},"end":{"line":18,"column":28}},"10":{"start":{"line":22,"column":19},"end":{"line":22,"column":31}},"11":{"start":{"line":23,"column":4},"end":{"line":23,"column":39}},"12":{"start":{"line":24,"column":4},"end":{"line":24,"column":41}},"13":{"start":{"line":25,"column":4},"end":{"line":25,"column":39}},"14":{"start":{"line":27,"column":4},"end":{"line":27,"column":48}},"15":{"start":{"line":31,"column":4},"end":{"line":31,"column":42}},"16":{"start":{"line":35,"column":4},"end":{"line":35,"column":47}},"17":{"start":{"line":39,"column":4},"end":{"line":42,"column":7}},"18":{"start":{"line":46,"column":4},"end":{"line":77,"column":null}},"19":{"start":{"line":48,"column":6},"end":{"line":48,"column":55}},"20":{"start":{"line":49,"column":6},"end":{"line":49,"column":49}},"21":{"start":{"line":51,"column":29},"end":{"line":51,"column":61}},"22":{"start":{"line":54,"column":6},"end":{"line":54,"column":47}},"23":{"start":{"line":55,"column":6},"end":{"line":55,"column":43}},"24":{"start":{"line":58,"column":25},"end":{"line":61,"column":8}},"25":{"start":{"line":62,"column":6},"end":{"line":73,"column":null}},"26":{"start":{"line":64,"column":8},"end":{"line":64,"column":79}},"27":{"start":{"line":65,"column":8},"end":{"line":65,"column":59}},"28":{"start":{"line":68,"column":27},"end":{"line":68,"column":45}},"29":{"start":{"line":69,"column":8},"end":{"line":69,"column":41}},"30":{"start":{"line":70,"column":8},"end":{"line":70,"column":37}},"31":{"start":{"line":71,"column":8},"end":{"line":71,"column":53}},"32":{"start":{"line":72,"column":8},"end":{"line":72,"column":59}},"33":{"start":{"line":75,"column":6},"end":{"line":75,"column":25}},"34":{"start":{"line":76,"column":6},"end":{"line":76,"column":35}},"35":{"start":{"line":86,"column":4},"end":{"line":104,"column":null}},"36":{"start":{"line":88,"column":6},"end":{"line":88,"column":56}},"37":{"start":{"line":89,"column":6},"end":{"line":89,"column":49}},"38":{"start":{"line":92,"column":29},"end":{"line":92,"column":62}},"39":{"start":{"line":95,"column":6},"end":{"line":95,"column":47}},"40":{"start":{"line":96,"column":6},"end":{"line":96,"column":43}},"41":{"start":{"line":99,"column":6},"end":{"line":99,"column":78}},"42":{"start":{"line":100,"column":6},"end":{"line":100,"column":57}},"43":{"start":{"line":102,"column":6},"end":{"line":102,"column":25}},"44":{"start":{"line":103,"column":6},"end":{"line":103,"column":36}},"45":{"start":{"line":11,"column":13},"end":{"line":110,"column":null}},"46":{"start":{"line":11,"column":13},"end":{"line":11,"column":28}}},"fnMap":{"0":{"name":"(anonymous_4)","decl":{"start":{"line":12,"column":2},"end":{"line":12,"column":null}},"loc":{"start":{"line":18,"column":44},"end":{"line":19,"column":6}}},"1":{"name":"(anonymous_5)","decl":{"start":{"line":21,"column":2},"end":{"line":21,"column":8}},"loc":{"start":{"line":21,"column":41},"end":{"line":28,"column":3}}},"2":{"name":"(anonymous_6)","decl":{"start":{"line":30,"column":2},"end":{"line":30,"column":9}},"loc":{"start":{"line":30,"column":9},"end":{"line":32,"column":3}}},"3":{"name":"(anonymous_7)","decl":{"start":{"line":34,"column":2},"end":{"line":34,"column":9}},"loc":{"start":{"line":34,"column":20},"end":{"line":36,"column":3}}},"4":{"name":"(anonymous_8)","decl":{"start":{"line":38,"column":2},"end":{"line":38,"column":16}},"loc":{"start":{"line":38,"column":49},"end":{"line":43,"column":3}}},"5":{"name":"(anonymous_9)","decl":{"start":{"line":45,"column":2},"end":{"line":45,"column":7}},"loc":{"start":{"line":45,"column":66},"end":{"line":78,"column":3}}},"6":{"name":"(anonymous_10)","decl":{"start":{"line":80,"column":2},"end":{"line":80,"column":7}},"loc":{"start":{"line":84,"column":31},"end":{"line":105,"column":3}}}},"branchMap":{"0":{"loc":{"start":{"line":62,"column":6},"end":{"line":73,"column":null}},"type":"if","locations":[{"start":{"line":62,"column":6},"end":{"line":73,"column":null}},{"start":{"line":66,"column":13},"end":{"line":73,"column":null}}]}},"s":{"0":4,"1":4,"2":4,"3":4,"4":4,"5":4,"6":4,"7":8,"8":8,"9":8,"10":2,"11":2,"12":2,"13":2,"14":2,"15":2,"16":3,"17":1,"18":3,"19":3,"20":3,"21":3,"22":3,"23":3,"24":3,"25":3,"26":1,"27":1,"28":2,"29":2,"30":2,"31":2,"32":2,"33":0,"34":0,"35":1,"36":1,"37":1,"38":1,"39":1,"40":1,"41":1,"42":1,"43":0,"44":0,"45":4,"46":4},"f":{"0":8,"1":2,"2":2,"3":3,"4":1,"5":3,"6":1},"b":{"0":[1,2]}}
,"/Users/gaganjotsingh/workshops/2021/unit_testing/trader-app/trader-app-nest/trader-app/src/equities/dto/buy-equity.dto.ts": {"path":"/Users/gaganjotsingh/workshops/2021/unit_testing/trader-app/trader-app-nest/trader-app/src/equities/dto/buy-equity.dto.ts","statementMap":{"0":{"start":{"line":1,"column":0},"end":{"line":1,"column":50}},"1":{"start":{"line":5,"column":2},"end":{"line":5,"column":null}},"2":{"start":{"line":8,"column":2},"end":{"line":8,"column":null}},"3":{"start":{"line":3,"column":0},"end":{"line":3,"column":13}}},"fnMap":{},"branchMap":{},"s":{"0":4,"1":4,"2":4,"3":4},"f":{},"b":{}}
,"/Users/gaganjotsingh/workshops/2021/unit_testing/trader-app/trader-app-nest/trader-app/src/equities/dto/create-equity.dto.ts": {"path":"/Users/gaganjotsingh/workshops/2021/unit_testing/trader-app/trader-app-nest/trader-app/src/equities/dto/create-equity.dto.ts","statementMap":{"0":{"start":{"line":1,"column":0},"end":{"line":1,"column":60}},"1":{"start":{"line":5,"column":2},"end":{"line":5,"column":null}},"2":{"start":{"line":8,"column":2},"end":{"line":8,"column":null}},"3":{"start":{"line":11,"column":2},"end":{"line":11,"column":null}},"4":{"start":{"line":3,"column":0},"end":{"line":3,"column":13}}},"fnMap":{},"branchMap":{},"s":{"0":3,"1":3,"2":3,"3":3,"4":3},"f":{},"b":{}}
,"/Users/gaganjotsingh/workshops/2021/unit_testing/trader-app/trader-app-nest/trader-app/src/users/users.controller.ts": {"path":"/Users/gaganjotsingh/workshops/2021/unit_testing/trader-app/trader-app-nest/trader-app/src/users/users.controller.ts","statementMap":{"0":{"start":{"line":1,"column":0},"end":{"line":1,"column":null}},"1":{"start":{"line":13,"column":0},"end":{"line":13,"column":47}},"2":{"start":{"line":14,"column":0},"end":{"line":14,"column":54}},"3":{"start":{"line":15,"column":0},"end":{"line":15,"column":54}},"4":{"start":{"line":18,"column":0},"end":{"line":74,"column":null}},"5":{"start":{"line":19,"column":31},"end":{"line":19,"column":45}},"6":{"start":{"line":23,"column":4},"end":{"line":23,"column":51}},"7":{"start":{"line":28,"column":4},"end":{"line":28,"column":39}},"8":{"start":{"line":47,"column":4},"end":{"line":67,"column":null}},"9":{"start":{"line":48,"column":19},"end":{"line":48,"column":54}},"10":{"start":{"line":49,"column":6},"end":{"line":54,"column":null}},"11":{"start":{"line":50,"column":8},"end":{"line":53,"column":11}},"12":{"start":{"line":55,"column":6},"end":{"line":55,"column":52}},"13":{"start":{"line":56,"column":6},"end":{"line":56,"column":47}},"14":{"start":{"line":57,"column":6},"end":{"line":60,"column":9}},"15":{"start":{"line":62,"column":6},"end":{"line":62,"column":25}},"16":{"start":{"line":63,"column":6},"end":{"line":66,"column":9}},"17":{"start":{"line":22,"column":2},"end":{"line":24,"column":null}},"18":{"start":{"line":27,"column":2},"end":{"line":29,"column":null}},"19":{"start":{"line":42,"column":2},"end":{"line":68,"column":null}},"20":{"start":{"line":18,"column":13},"end":{"line":74,"column":null}},"21":{"start":{"line":18,"column":13},"end":{"line":18,"column":28}}},"fnMap":{"0":{"name":"(anonymous_4)","decl":{"start":{"line":19,"column":2},"end":{"line":19,"column":31}},"loc":{"start":{"line":19,"column":57},"end":{"line":19,"column":61}}},"1":{"name":"(anonymous_5)","decl":{"start":{"line":22,"column":2},"end":{"line":22,"column":8}},"loc":{"start":{"line":22,"column":45},"end":{"line":24,"column":3}}},"2":{"name":"(anonymous_6)","decl":{"start":{"line":27,"column":2},"end":{"line":27,"column":9}},"loc":{"start":{"line":27,"column":9},"end":{"line":29,"column":3}}},"3":{"name":"(anonymous_7)","decl":{"start":{"line":42,"column":2},"end":{"line":42,"column":7}},"loc":{"start":{"line":45,"column":24},"end":{"line":68,"column":3}}}},"branchMap":{"0":{"loc":{"start":{"line":49,"column":6},"end":{"line":54,"column":null}},"type":"if","locations":[{"start":{"line":49,"column":6},"end":{"line":54,"column":null}}]}},"s":{"0":3,"1":3,"2":3,"3":3,"4":3,"5":7,"6":2,"7":2,"8":4,"9":4,"10":4,"11":2,"12":2,"13":2,"14":2,"15":1,"16":1,"17":3,"18":3,"19":3,"20":3,"21":3},"f":{"0":7,"1":2,"2":2,"3":4},"b":{"0":[2]}}
,"/Users/gaganjotsingh/workshops/2021/unit_testing/trader-app/trader-app-nest/trader-app/src/users/users.module.ts": {"path":"/Users/gaganjotsingh/workshops/2021/unit_testing/trader-app/trader-app-nest/trader-app/src/users/users.module.ts","statementMap":{"0":{"start":{"line":1,"column":0},"end":{"line":1,"column":40}},"1":{"start":{"line":2,"column":0},"end":{"line":2,"column":47}},"2":{"start":{"line":3,"column":0},"end":{"line":3,"column":53}},"3":{"start":{"line":4,"column":0},"end":{"line":4,"column":48}},"4":{"start":{"line":5,"column":0},"end":{"line":5,"column":47}},"5":{"start":{"line":13,"column":0},"end":{"line":13,"column":null}},"6":{"start":{"line":13,"column":13},"end":{"line":13,"column":null}},"7":{"start":{"line":13,"column":13},"end":{"line":13,"column":24}}},"fnMap":{},"branchMap":{},"s":{"0":2,"1":2,"2":2,"3":2,"4":2,"5":2,"6":2,"7":2},"f":{},"b":{}}
,"/Users/gaganjotsingh/workshops/2021/unit_testing/trader-app/trader-app-nest/trader-app/src/users/users.service.ts": {"path":"/Users/gaganjotsingh/workshops/2021/unit_testing/trader-app/trader-app-nest/trader-app/src/users/users.service.ts","statementMap":{"0":{"start":{"line":1,"column":0},"end":{"line":1,"column":44}},"1":{"start":{"line":4,"column":0},"end":{"line":4,"column":51}},"2":{"start":{"line":5,"column":0},"end":{"line":5,"column":37}},"3":{"start":{"line":6,"column":0},"end":{"line":6,"column":47}},"4":{"start":{"line":9,"column":0},"end":{"line":38,"column":null}},"5":{"start":{"line":12,"column":12},"end":{"line":12,"column":29}},"6":{"start":{"line":16,"column":17},"end":{"line":16,"column":27}},"7":{"start":{"line":17,"column":4},"end":{"line":17,"column":35}},"8":{"start":{"line":18,"column":4},"end":{"line":18,"column":37}},"9":{"start":{"line":20,"column":4},"end":{"line":20,"column":43}},"10":{"start":{"line":24,"column":4},"end":{"line":24,"column":39}},"11":{"start":{"line":28,"column":4},"end":{"line":28,"column":44}},"12":{"start":{"line":32,"column":4},"end":{"line":32,"column":62}},"13":{"start":{"line":9,"column":13},"end":{"line":38,"column":null}},"14":{"start":{"line":9,"column":13},"end":{"line":9,"column":25}}},"fnMap":{"0":{"name":"(anonymous_4)","decl":{"start":{"line":10,"column":2},"end":{"line":10,"column":null}},"loc":{"start":{"line":12,"column":45},"end":{"line":13,"column":6}}},"1":{"name":"(anonymous_5)","decl":{"start":{"line":15,"column":2},"end":{"line":15,"column":8}},"loc":{"start":{"line":15,"column":37},"end":{"line":21,"column":3}}},"2":{"name":"(anonymous_6)","decl":{"start":{"line":23,"column":2},"end":{"line":23,"column":9}},"loc":{"start":{"line":23,"column":9},"end":{"line":25,"column":3}}},"3":{"name":"(anonymous_7)","decl":{"start":{"line":27,"column":2},"end":{"line":27,"column":9}},"loc":{"start":{"line":27,"column":20},"end":{"line":29,"column":3}}},"4":{"name":"(anonymous_8)","decl":{"start":{"line":31,"column":2},"end":{"line":31,"column":8}},"loc":{"start":{"line":31,"column":49},"end":{"line":33,"column":3}}}},"branchMap":{},"s":{"0":5,"1":5,"2":5,"3":5,"4":5,"5":6,"6":2,"7":2,"8":2,"9":2,"10":2,"11":4,"12":2,"13":5,"14":5},"f":{"0":6,"1":2,"2":2,"3":4,"4":2},"b":{}}
,"/Users/gaganjotsingh/workshops/2021/unit_testing/trader-app/trader-app-nest/trader-app/src/users/dto/create-user.dto.ts": {"path":"/Users/gaganjotsingh/workshops/2021/unit_testing/trader-app/trader-app-nest/trader-app/src/users/dto/create-user.dto.ts","statementMap":{"0":{"start":{"line":1,"column":0},"end":{"line":1,"column":60}},"1":{"start":{"line":5,"column":2},"end":{"line":5,"column":null}},"2":{"start":{"line":8,"column":2},"end":{"line":8,"column":null}},"3":{"start":{"line":3,"column":0},"end":{"line":3,"column":13}}},"fnMap":{},"branchMap":{},"s":{"0":3,"1":3,"2":3,"3":3},"f":{},"b":{}}
,"/Users/gaganjotsingh/workshops/2021/unit_testing/trader-app/trader-app-nest/trader-app/src/users/dto/update-user.dto.ts": {"path":"/Users/gaganjotsingh/workshops/2021/unit_testing/trader-app/trader-app-nest/trader-app/src/users/dto/update-user.dto.ts","statementMap":{"0":{"start":{"line":1,"column":0},"end":{"line":1,"column":51}},"1":{"start":{"line":2,"column":0},"end":{"line":2,"column":50}},"2":{"start":{"line":3,"column":0},"end":{"line":3,"column":50}},"3":{"start":{"line":7,"column":2},"end":{"line":7,"column":null}},"4":{"start":{"line":10,"column":2},"end":{"line":10,"column":null}},"5":{"start":{"line":5,"column":0},"end":{"line":5,"column":13}}},"fnMap":{},"branchMap":{},"s":{"0":3,"1":3,"2":3,"3":3,"4":3,"5":3},"f":{},"b":{}}
}
