TN:
SF:src/app.controller.ts
FN:6,(anonymous_2)
FN:9,(anonymous_3)
FNF:2
FNH:2
FNDA:1,(anonymous_2)
FNDA:1,(anonymous_3)
DA:1,1
DA:2,1
DA:5,1
DA:6,1
DA:9,1
DA:10,1
LF:6
LH:6
BRF:0
BRH:0
end_of_record
TN:
SF:src/app.service.ts
FN:5,(anonymous_1)
FNF:1
FNH:1
FNDA:1,(anonymous_1)
DA:1,1
DA:4,1
DA:6,1
LF:3
LH:3
BRF:0
BRH:0
end_of_record
TN:
SF:src/common/common-functions.ts
FN:3,(anonymous_0)
FNF:1
FNH:1
FNDA:17,(anonymous_0)
DA:1,4
DA:2,4
DA:4,17
DA:5,17
DA:6,17
LF:5
LH:5
BRDA:7,0,0,17
BRDA:7,0,1,15
BRDA:7,0,2,14
BRF:3
BRH:3
end_of_record
TN:
SF:src/entities/equity.entity.ts
FNF:0
FNH:0
DA:1,4
DA:4,4
DA:6,4
DA:9,4
DA:12,4
DA:15,4
LF:6
LH:6
BRF:0
BRH:0
end_of_record
TN:
SF:src/entities/user.entity.ts
FNF:0
FNH:0
DA:1,6
DA:5,6
DA:7,6
DA:10,6
DA:13,6
LF:5
LH:5
BRF:0
BRH:0
end_of_record
TN:
SF:src/entities/user_equity.entity.ts
FNF:0
FNH:0
DA:1,4
DA:11,4
DA:13,4
DA:16,4
DA:19,4
DA:22,4
LF:6
LH:6
BRF:0
BRH:0
end_of_record
TN:
SF:src/equities/equities.controller.ts
FN:19,(anonymous_4)
FN:25,(anonymous_5)
FN:30,(anonymous_6)
FN:35,(anonymous_7)
FN:99,(anonymous_8)
FNF:5
FNH:5
FNDA:15,(anonymous_4)
FNDA:2,(anonymous_5)
FNDA:2,(anonymous_6)
FNDA:9,(anonymous_7)
FNDA:5,(anonymous_8)
DA:1,3
DA:11,3
DA:12,3
DA:13,3
DA:14,3
DA:15,3
DA:18,3
DA:20,15
DA:21,15
DA:25,3
DA:26,2
DA:30,3
DA:31,2
DA:35,3
DA:40,9
DA:42,9
DA:43,1
DA:49,8
DA:50,8
DA:51,1
DA:58,7
DA:59,2
DA:66,5
DA:69,5
DA:70,5
DA:71,1
DA:76,4
DA:77,4
DA:78,1
DA:83,3
DA:84,3
DA:85,3
DA:90,1
DA:91,1
DA:99,3
DA:104,5
DA:106,5
DA:107,0
DA:113,5
DA:114,5
DA:115,2
DA:121,3
DA:122,3
DA:123,1
DA:129,2
DA:134,2
DA:135,1
DA:141,1
DA:142,1
DA:143,1
DA:148,1
DA:149,1
LF:52
LH:51
BRDA:42,0,0,1
BRDA:50,1,0,1
BRDA:58,2,0,2
BRDA:70,3,0,1
BRDA:77,4,0,1
BRDA:106,5,0,0
BRDA:114,6,0,2
BRDA:122,7,0,1
BRDA:134,8,0,1
BRDA:134,9,0,2
BRDA:134,9,1,2
BRF:11
BRH:10
end_of_record
TN:
SF:src/equities/equities.module.ts
FNF:0
FNH:0
DA:1,2
DA:2,2
DA:3,2
DA:4,2
DA:5,2
DA:6,2
DA:7,2
DA:8,2
DA:18,2
LF:9
LH:9
BRF:0
BRH:0
end_of_record
TN:
SF:src/equities/equities.service.ts
FN:12,(anonymous_4)
FN:21,(anonymous_5)
FN:30,(anonymous_6)
FN:34,(anonymous_7)
FN:38,(anonymous_8)
FN:45,(anonymous_9)
FN:80,(anonymous_10)
FNF:7
FNH:7
FNDA:8,(anonymous_4)
FNDA:2,(anonymous_5)
FNDA:2,(anonymous_6)
FNDA:3,(anonymous_7)
FNDA:1,(anonymous_8)
FNDA:3,(anonymous_9)
FNDA:1,(anonymous_10)
DA:1,4
DA:3,4
DA:4,4
DA:5,4
DA:6,4
DA:8,4
DA:11,4
DA:14,8
DA:16,8
DA:18,8
DA:22,2
DA:23,2
DA:24,2
DA:25,2
DA:27,2
DA:31,2
DA:35,3
DA:39,1
DA:46,3
DA:48,3
DA:49,3
DA:51,3
DA:54,3
DA:55,3
DA:58,3
DA:62,3
DA:64,1
DA:65,1
DA:68,2
DA:69,2
DA:70,2
DA:71,2
DA:72,2
DA:75,0
DA:76,0
DA:86,1
DA:88,1
DA:89,1
DA:92,1
DA:95,1
DA:96,1
DA:99,1
DA:100,1
DA:102,0
DA:103,0
LF:45
LH:41
BRDA:62,0,0,1
BRDA:62,0,1,2
BRF:2
BRH:2
end_of_record
TN:
SF:src/equities/dto/buy-equity.dto.ts
FNF:0
FNH:0
DA:1,4
DA:3,4
DA:5,4
DA:8,4
LF:4
LH:4
BRF:0
BRH:0
end_of_record
TN:
SF:src/equities/dto/create-equity.dto.ts
FNF:0
FNH:0
DA:1,3
DA:3,3
DA:5,3
DA:8,3
DA:11,3
LF:5
LH:5
BRF:0
BRH:0
end_of_record
TN:
SF:src/users/users.controller.ts
FN:19,(anonymous_4)
FN:22,(anonymous_5)
FN:27,(anonymous_6)
FN:42,(anonymous_7)
FNF:4
FNH:4
FNDA:7,(anonymous_4)
FNDA:2,(anonymous_5)
FNDA:2,(anonymous_6)
FNDA:4,(anonymous_7)
DA:1,3
DA:13,3
DA:14,3
DA:15,3
DA:18,3
DA:19,7
DA:22,3
DA:23,2
DA:27,3
DA:28,2
DA:42,3
DA:47,4
DA:48,4
DA:49,4
DA:50,2
DA:55,2
DA:56,2
DA:57,2
DA:62,1
DA:63,1
LF:20
LH:20
BRDA:49,0,0,2
BRF:1
BRH:1
end_of_record
TN:
SF:src/users/users.module.ts
FNF:0
FNH:0
DA:1,2
DA:2,2
DA:3,2
DA:4,2
DA:5,2
DA:13,2
LF:6
LH:6
BRF:0
BRH:0
end_of_record
TN:
SF:src/users/users.service.ts
FN:10,(anonymous_4)
FN:15,(anonymous_5)
FN:23,(anonymous_6)
FN:27,(anonymous_7)
FN:31,(anonymous_8)
FNF:5
FNH:5
FNDA:6,(anonymous_4)
FNDA:2,(anonymous_5)
FNDA:2,(anonymous_6)
FNDA:4,(anonymous_7)
FNDA:2,(anonymous_8)
DA:1,5
DA:4,5
DA:5,5
DA:6,5
DA:9,5
DA:12,6
DA:16,2
DA:17,2
DA:18,2
DA:20,2
DA:24,2
DA:28,4
DA:32,2
LF:13
LH:13
BRF:0
BRH:0
end_of_record
TN:
SF:src/users/dto/create-user.dto.ts
FNF:0
FNH:0
DA:1,3
DA:3,3
DA:5,3
DA:8,3
LF:4
LH:4
BRF:0
BRH:0
end_of_record
TN:
SF:src/users/dto/update-user.dto.ts
FNF:0
FNH:0
DA:1,3
DA:2,3
DA:3,3
DA:5,3
DA:7,3
DA:10,3
LF:6
LH:6
BRF:0
BRH:0
end_of_record
